SF:lib/features/authentication/presentation/view/login_view.dart
DA:210,7
DA:212,3
DA:213,3
DA:254,3
DA:256,3
DA:258,3
DA:259,3
DA:260,3
DA:261,3
DA:264,3
DA:265,3
DA:266,3
DA:271,3
DA:273,3
DA:275,3
DA:276,3
DA:280,1
DA:281,1
DA:287,3
DA:291,1
DA:292,1
DA:302,3
DA:303,3
DA:305,3
DA:309,3
DA:310,1
DA:315,1
DA:316,3
DA:317,2
DA:318,1
DA:330,3
DA:332,3
DA:338,3
DA:339,0
DA:340,0
LF:35
LH:33
end_of_record
SF:lib/config/constants/api_end_points.dart
DA:2,0
LF:1
LH:0
end_of_record
SF:lib/config/constants/hive_table_constants.dart
DA:2,0
LF:1
LH:0
end_of_record
SF:lib/config/constants/size_constants.dart
DA:4,0
DA:5,0
DA:7,0
DA:8,0
DA:10,0
DA:12,0
DA:14,0
DA:16,0
DA:18,0
DA:19,0
DA:21,0
DA:22,0
DA:24,0
DA:25,0
DA:27,0
DA:28,0
LF:16
LH:0
end_of_record
SF:lib/config/router/app_routes.dart
DA:9,0
DA:17,2
DA:18,2
DA:19,0
DA:20,2
DA:21,0
DA:22,2
DA:23,1
DA:24,0
LF:9
LH:5
end_of_record
SF:lib/features/authentication/presentation/view/forget_pass_form.dart
DA:7,6
DA:9,0
DA:11,0
DA:13,0
DA:14,0
DA:25,0
DA:26,0
DA:29,0
DA:31,0
DA:32,0
DA:34,0
DA:35,0
DA:37,0
DA:49,0
DA:50,0
DA:53,0
DA:54,0
DA:56,0
DA:58,0
DA:59,0
LF:20
LH:1
end_of_record
SF:lib/features/authentication/presentation/view/signup_view.dart
DA:10,7
DA:12,3
DA:13,3
DA:198,3
DA:200,9
DA:201,3
DA:202,3
DA:203,3
DA:204,3
DA:205,3
DA:206,3
DA:209,3
DA:211,3
DA:212,3
DA:213,3
DA:214,3
DA:216,3
DA:218,3
DA:219,3
DA:221,3
DA:222,1
DA:223,1
DA:229,3
DA:231,3
DA:232,1
DA:233,1
DA:239,3
DA:241,3
DA:242,1
DA:243,1
DA:245,2
DA:251,3
DA:253,3
DA:254,1
DA:255,1
DA:261,3
DA:263,3
DA:264,1
DA:265,1
DA:271,3
DA:273,3
DA:274,1
DA:275,2
DA:276,1
DA:278,1
DA:287,3
DA:288,1
DA:289,3
DA:290,1
DA:291,2
DA:292,2
DA:293,2
DA:294,2
DA:295,2
DA:298,1
DA:299,3
DA:300,1
DA:308,3
DA:309,3
DA:311,3
DA:313,3
DA:314,0
DA:315,0
LF:63
LH:61
end_of_record
SF:lib/features/authentication/presentation/view/user_detail_view.dart
DA:11,12
DA:13,0
DA:14,0
DA:20,0
DA:22,0
DA:24,0
DA:25,0
DA:26,0
DA:27,0
DA:28,0
DA:29,0
DA:30,0
DA:34,0
DA:38,0
DA:40,0
DA:41,0
DA:42,0
DA:43,0
DA:44,0
DA:45,0
DA:47,0
DA:48,0
DA:50,0
DA:52,0
DA:53,0
DA:55,0
DA:56,0
DA:59,0
DA:60,0
DA:65,0
DA:66,0
DA:71,0
DA:72,0
DA:73,0
DA:74,0
DA:76,0
DA:77,0
DA:79,0
DA:81,0
DA:83,0
DA:117,0
DA:119,0
DA:120,0
DA:121,0
DA:122,0
DA:124,0
DA:125,0
DA:127,0
DA:129,0
DA:130,0
LF:50
LH:1
end_of_record
SF:lib/features/home/presentation/view/home_view.dart
DA:6,6
DA:8,1
DA:9,1
DA:13,1
DA:15,3
DA:16,1
DA:17,1
DA:18,1
DA:23,3
DA:24,0
DA:31,3
DA:32,1
DA:33,1
DA:34,1
DA:35,1
DA:37,3
DA:43,1
DA:44,1
DA:46,3
DA:52,1
DA:53,1
DA:55,3
DA:61,1
DA:62,1
DA:64,3
DA:70,1
DA:71,1
DA:73,3
DA:80,1
DA:81,0
DA:82,0
DA:83,0
LF:32
LH:28
end_of_record
SF:lib/features/splash/presentation/view/splash_view.dart
DA:7,6
DA:9,0
DA:10,0
DA:14,0
DA:17,0
DA:18,0
DA:21,0
DA:24,0
LF:8
LH:1
end_of_record
SF:lib/core/common/provider/internet_connectivity.dart
DA:8,0
DA:9,0
DA:10,0
DA:14,0
DA:15,0
DA:16,0
DA:17,0
DA:18,0
DA:23,0
DA:24,0
DA:25,0
LF:11
LH:0
end_of_record
SF:lib/core/common/snackbar/my_snack_bar.dart
DA:3,1
DA:8,2
DA:9,1
DA:10,1
LF:4
LH:4
end_of_record
SF:lib/core/common/widgets/list_question_widget.dart
DA:18,1
DA:21,1
DA:23,1
DA:25,1
DA:55,1
DA:57,4
DA:58,1
DA:59,1
DA:60,1
DA:61,0
DA:62,0
DA:63,0
DA:64,0
DA:66,1
DA:67,2
DA:68,0
DA:69,0
DA:70,0
DA:71,0
DA:72,0
DA:75,0
DA:77,0
DA:78,0
DA:80,0
DA:82,0
DA:83,0
DA:84,0
DA:85,0
DA:87,0
DA:90,0
DA:91,0
DA:98,0
DA:100,0
DA:101,0
DA:103,0
DA:107,0
DA:108,0
DA:109,0
DA:110,0
DA:111,0
DA:112,0
DA:113,0
DA:115,0
DA:116,0
DA:117,0
DA:118,0
DA:119,0
DA:120,0
DA:121,0
DA:122,0
DA:123,0
DA:124,0
DA:126,0
DA:128,0
DA:129,0
DA:144,0
DA:146,0
DA:147,0
DA:154,0
DA:155,0
DA:156,0
DA:157,0
DA:159,0
DA:160,0
DA:161,0
DA:163,0
DA:169,0
DA:170,0
DA:171,0
DA:172,0
DA:173,0
DA:174,0
DA:179,0
DA:181,0
DA:183,0
DA:184,0
DA:185,0
DA:186,0
DA:188,0
DA:201,0
DA:202,0
DA:203,0
DA:205,0
DA:207,0
DA:208,0
DA:209,0
DA:210,0
DA:214,0
DA:216,0
DA:221,0
DA:222,0
DA:242,0
DA:243,0
DA:244,0
DA:246,0
DA:247,0
DA:248,0
DA:249,0
DA:250,0
DA:251,0
DA:253,0
DA:254,0
DA:255,0
DA:257,0
DA:259,0
DA:260,0
DA:261,0
DA:262,0
DA:265,0
DA:269,0
DA:270,0
DA:272,0
DA:273,0
DA:274,0
DA:275,0
DA:286,0
DA:287,0
DA:289,0
DA:290,0
DA:291,0
DA:292,0
LF:121
LH:11
end_of_record
SF:lib/features/question/presentation/state/question_state.dart
DA:11,2
DA:19,4
DA:20,2
DA:22,2
DA:28,2
DA:29,0
DA:30,2
DA:31,2
DA:32,2
DA:33,2
LF:10
LH:9
end_of_record
SF:lib/features/question/presentation/view_model/public_question_view_model.dart
DA:5,2
DA:6,1
DA:7,2
DA:9,2
DA:15,1
DA:17,2
DA:18,1
DA:24,1
DA:25,3
DA:26,4
DA:27,1
DA:28,0
DA:30,0
DA:31,1
DA:33,3
DA:35,0
DA:37,0
DA:43,0
DA:44,0
LF:19
LH:13
end_of_record
SF:lib/features/question/presentation/view_model/question_view_model.dart
DA:12,2
DA:13,1
DA:14,0
DA:15,0
DA:16,0
DA:17,0
DA:25,1
DA:29,2
DA:30,1
DA:33,1
DA:34,3
DA:35,4
DA:36,1
DA:37,5
DA:38,1
DA:39,3
DA:40,1
DA:48,1
DA:49,3
DA:50,4
DA:51,1
DA:52,0
DA:53,0
DA:55,0
DA:57,1
DA:59,3
DA:61,0
DA:63,0
DA:70,0
DA:72,0
DA:73,0
DA:74,0
DA:76,0
DA:77,0
DA:78,0
DA:79,0
DA:80,0
DA:81,0
DA:82,0
DA:86,0
DA:87,0
LF:41
LH:19
end_of_record
SF:lib/features/replies/presentation/view/reply_view.dart
DA:16,0
DA:18,0
DA:19,0
DA:26,0
DA:28,0
DA:29,0
DA:30,0
DA:32,0
DA:34,0
DA:35,0
DA:36,0
DA:40,0
DA:42,0
DA:43,0
DA:46,0
DA:47,0
DA:53,0
DA:54,0
DA:56,0
DA:59,0
DA:60,0
DA:62,0
DA:63,0
DA:69,0
DA:71,0
DA:72,0
DA:89,0
DA:90,0
DA:93,0
DA:94,0
DA:95,0
DA:96,0
DA:97,0
DA:98,0
DA:100,0
DA:101,0
DA:102,0
DA:104,0
DA:106,0
DA:107,0
DA:108,0
DA:109,0
DA:110,0
DA:112,0
DA:115,0
DA:118,0
DA:119,0
DA:120,0
DA:123,0
DA:134,0
DA:136,0
DA:138,0
DA:139,0
DA:140,0
DA:141,0
DA:143,0
DA:145,0
DA:146,0
DA:155,0
DA:156,0
DA:157,0
DA:158,0
DA:159,0
DA:160,0
DA:161,0
DA:163,0
DA:174,0
DA:176,0
DA:177,0
DA:185,0
DA:186,0
DA:187,0
DA:189,0
DA:190,0
DA:192,0
DA:193,0
DA:197,0
LF:77
LH:0
end_of_record
SF:lib/features/replies/presentation/view_model/reply_view_model.dart
DA:9,0
DA:10,0
DA:11,0
DA:12,0
DA:14,0
DA:20,0
DA:23,0
DA:25,0
DA:26,0
DA:27,0
DA:28,0
DA:29,0
DA:30,0
DA:31,0
DA:32,0
DA:33,0
DA:38,0
DA:39,0
DA:40,0
DA:41,0
DA:42,0
DA:43,0
DA:44,0
DA:45,0
DA:46,0
LF:25
LH:0
end_of_record
SF:lib/core/common/widgets/text_form_field.dart
DA:8,4
DA:14,4
DA:16,4
DA:18,4
DA:20,4
DA:21,4
DA:24,4
DA:25,4
DA:29,4
DA:31,4
DA:32,7
DA:36,4
DA:38,7
DA:39,4
DA:41,4
DA:43,4
DA:44,4
DA:45,4
DA:48,4
DA:50,4
DA:55,4
DA:57,4
DA:62,4
DA:65,4
LF:24
LH:24
end_of_record
SF:lib/core/common/widgets/view_user_details.dart
DA:4,0
DA:6,0
DA:8,0
DA:9,0
DA:10,0
DA:11,0
DA:15,0
DA:22,0
DA:24,0
DA:25,0
DA:26,0
DA:27,0
DA:30,0
DA:33,0
DA:34,0
DA:35,0
DA:37,0
DA:40,0
DA:46,0
DA:47,0
DA:49,0
DA:53,0
DA:54,0
DA:55,0
DA:56,0
DA:58,0
DA:60,0
DA:61,0
DA:62,0
DA:64,0
DA:66,0
DA:68,0
DA:80,0
DA:82,0
DA:84,0
DA:85,0
DA:86,0
DA:87,0
DA:90,0
DA:96,0
DA:98,0
DA:100,0
LF:42
LH:0
end_of_record
SF:lib/core/failure/failure.dart
DA:5,2
LF:1
LH:1
end_of_record
SF:lib/core/network/local/hive_service.dart
DA:7,0
DA:10,0
DA:11,0
DA:12,0
DA:15,0
DA:21,0
DA:22,0
DA:23,0
DA:26,0
DA:27,0
DA:32,0
DA:37,0
DA:42,0
DA:43,0
DA:44,0
DA:45,0
DA:46,0
DA:52,0
DA:53,0
DA:55,0
DA:56,0
DA:57,0
DA:58,0
DA:61,0
DA:64,0
DA:65,0
DA:66,0
LF:27
LH:0
end_of_record
SF:lib/features/authentication/data/models/user_hive_model.dart
DA:32,0
DA:40,0
DA:42,0
DA:43,0
DA:52,0
DA:53,0
DA:54,0
DA:55,0
DA:56,0
DA:57,0
DA:60,0
DA:61,0
DA:62,0
DA:63,0
DA:64,0
DA:65,0
DA:66,0
LF:17
LH:0
end_of_record
SF:lib/features/authentication/data/models/user_hive_model.g.dart
DA:13,0
DA:15,0
DA:16,0
DA:17,0
DA:19,0
DA:20,0
DA:21,0
DA:22,0
DA:23,0
DA:24,0
DA:25,0
DA:26,0
DA:30,0
DA:33,0
DA:34,0
DA:35,0
DA:36,0
DA:37,0
DA:38,0
DA:39,0
DA:40,0
DA:41,0
DA:42,0
DA:43,0
DA:44,0
DA:45,0
DA:46,0
DA:47,0
DA:50,0
DA:51,0
DA:53,0
DA:56,0
DA:57,0
DA:58,0
LF:34
LH:0
end_of_record
SF:lib/core/network/remote/dio_error_intercepter.dart
DA:4,0
DA:6,0
DA:8,0
DA:9,0
DA:10,0
DA:11,0
DA:12,0
DA:13,0
DA:16,0
DA:17,0
DA:18,0
DA:20,0
DA:25,0
DA:26,0
DA:28,0
DA:31,0
LF:16
LH:0
end_of_record
SF:lib/core/network/remote/http_service.dart
DA:6,6
DA:7,8
DA:12,4
DA:14,2
DA:15,2
DA:16,4
DA:17,4
DA:18,4
DA:19,6
DA:20,6
DA:22,6
LF:11
LH:11
end_of_record
SF:lib/core/network/remote/socket_service.dart
DA:5,0
DA:6,0
DA:12,0
DA:13,0
DA:14,0
DA:18,0
DA:19,0
DA:22,0
DA:23,0
DA:26,0
DA:27,0
DA:30,0
DA:31,0
DA:34,0
DA:35,0
DA:38,0
DA:39,0
DA:43,0
DA:44,0
LF:19
LH:0
end_of_record
SF:lib/core/shared_pref/user_shared_prefs.dart
DA:9,8
DA:10,2
DA:16,0
DA:18,0
DA:19,0
DA:20,0
DA:22,0
DA:27,0
DA:29,0
DA:30,0
DA:31,0
DA:33,0
DA:38,0
DA:40,0
DA:41,0
DA:42,0
DA:44,0
DA:48,0
DA:50,0
DA:53,0
DA:56,0
DA:59,0
DA:61,0
DA:63,0
DA:64,0
DA:69,0
DA:71,0
DA:72,0
DA:73,0
DA:75,0
DA:76,0
DA:77,0
DA:83,1
DA:85,1
DA:86,0
DA:87,0
DA:92,0
DA:95,0
DA:97,0
DA:99,0
DA:101,0
DA:102,0
DA:105,0
DA:106,0
LF:44
LH:4
end_of_record
SF:lib/features/authentication/domain/entity/user_entity.dart
DA:13,18
DA:23,0
DA:32,0
DA:33,0
DA:34,0
DA:35,0
DA:36,0
DA:37,0
DA:38,0
DA:39,0
DA:43,3
DA:45,3
DA:46,3
DA:47,3
DA:48,3
DA:49,3
DA:50,3
DA:51,3
DA:52,3
DA:56,1
DA:67,1
DA:68,1
DA:69,1
DA:70,1
DA:71,1
DA:72,1
DA:73,1
DA:74,1
DA:77,0
DA:78,0
DA:79,0
DA:80,0
DA:81,0
DA:82,0
DA:83,0
DA:84,0
DA:87,2
LF:37
LH:20
end_of_record
SF:lib/features/authentication/data/data_source/auth_local_data_source.dart
DA:8,0
DA:9,0
DA:14,0
DA:16,0
DA:19,0
DA:22,0
DA:31,0
DA:34,0
DA:38,0
DA:41,0
DA:43,0
DA:48,0
LF:12
LH:0
end_of_record
SF:lib/features/authentication/data/data_source/auth_remote_data_source.dart
DA:13,3
DA:14,2
DA:15,2
DA:16,2
DA:23,1
DA:25,0
DA:26,0
DA:28,0
DA:30,0
DA:32,0
DA:35,0
DA:38,0
DA:39,0
DA:40,0
DA:41,0
DA:45,0
DA:46,0
DA:47,0
DA:48,0
DA:54,0
DA:57,0
DA:59,0
DA:64,0
DA:66,0
DA:69,0
DA:70,0
DA:72,0
DA:73,0
DA:74,0
DA:76,0
DA:77,0
DA:78,0
DA:79,0
DA:85,0
DA:88,0
DA:89,0
DA:93,0
DA:95,0
DA:96,0
DA:97,0
DA:100,0
DA:101,0
DA:102,0
DA:105,0
DA:107,0
DA:108,0
DA:109,0
DA:110,0
DA:112,0
DA:113,0
DA:114,0
DA:117,0
DA:118,0
DA:122,0
DA:124,0
DA:127,0
DA:131,0
DA:132,0
DA:133,0
DA:138,0
DA:139,0
DA:140,0
DA:151,2
LF:63
LH:6
end_of_record
SF:lib/features/authentication/data/models/auth_api_model.dart
DA:16,1
DA:26,0
DA:35,0
DA:36,0
DA:37,0
DA:38,0
DA:39,0
DA:40,0
DA:41,0
DA:42,0
DA:46,0
DA:47,0
DA:48,0
DA:49,0
DA:50,0
DA:51,0
DA:52,0
DA:53,0
DA:57,1
DA:58,1
DA:59,1
DA:60,1
DA:61,1
DA:62,1
DA:63,1
DA:64,1
DA:68,0
DA:69,0
DA:70,0
DA:71,0
DA:72,0
DA:73,0
DA:74,0
DA:75,0
DA:79,1
DA:80,1
DA:81,1
DA:82,1
DA:83,1
DA:84,1
DA:85,1
DA:86,1
DA:87,1
DA:91,0
DA:93,0
LF:45
LH:18
end_of_record
SF:lib/features/authentication/data/repository/auth_Remote_repository_impl.dart
DA:11,3
DA:12,4
DA:17,1
DA:19,0
DA:22,0
DA:25,0
DA:28,0
DA:31,0
DA:34,0
DA:37,0
DA:40,0
LF:11
LH:3
end_of_record
SF:lib/features/authentication/domain/repository/auth_repository.dart
DA:15,4
DA:27,2
LF:2
LH:2
end_of_record
SF:lib/features/authentication/data/repository/auth_local_repository_impl.dart
DA:12,0
DA:13,0
DA:18,0
DA:20,0
DA:23,0
DA:27,0
DA:30,0
DA:33,0
DA:36,0
DA:39,0
DA:42,0
DA:45,0
DA:48,0
LF:13
LH:0
end_of_record
SF:lib/features/authentication/domain/use_case/auth_usecase.dart
DA:10,5
DA:11,2
DA:12,2
DA:18,1
DA:20,0
DA:21,0
DA:24,0
DA:25,0
DA:27,0
DA:29,0
DA:30,0
DA:37,1
DA:38,2
DA:39,0
DA:40,0
DA:41,0
DA:44,0
DA:46,0
LF:18
LH:6
end_of_record
SF:lib/features/authentication/domain/use_case/login_usecase.dart
DA:9,5
DA:10,2
DA:11,2
DA:17,1
DA:19,0
DA:22,0
DA:25,0
DA:26,0
DA:27,0
DA:29,0
DA:33,0
DA:36,0
DA:37,0
DA:38,0
DA:39,0
DA:40,0
DA:46,0
DA:50,0
DA:52,0
DA:53,0
DA:56,0
DA:61,0
DA:62,0
LF:23
LH:4
end_of_record
SF:lib/features/authentication/presentation/state/auth_state.dart
DA:8,4
DA:14,4
DA:15,4
DA:27,4
DA:32,4
DA:33,0
DA:34,4
DA:35,4
DA:38,0
DA:39,0
LF:10
LH:7
end_of_record
SF:lib/features/authentication/presentation/view_model/auth_view_model.dart
DA:12,8
DA:13,4
DA:14,1
DA:15,1
DA:16,2
DA:17,2
DA:26,4
DA:27,8
DA:29,4
DA:32,1
DA:33,3
DA:34,2
DA:35,1
DA:36,0
DA:37,0
DA:38,0
DA:39,0
DA:41,1
DA:42,3
DA:43,1
DA:44,1
DA:50,0
DA:51,0
DA:52,0
DA:53,0
DA:54,0
DA:55,0
DA:56,0
DA:61,2
DA:64,4
DA:65,3
DA:66,4
DA:68,2
DA:69,6
DA:70,6
DA:71,2
DA:74,2
DA:79,4
DA:80,12
DA:81,15
DA:82,3
DA:83,0
DA:84,3
DA:85,9
DA:90,0
DA:91,0
DA:92,0
DA:94,0
DA:96,0
DA:99,0
DA:100,0
DA:101,0
DA:102,0
DA:103,0
DA:104,0
DA:105,0
DA:106,0
DA:108,0
DA:109,0
DA:110,0
DA:114,0
LF:61
LH:32
end_of_record
SF:lib/features/home/presentation/state/home_widget_state.dart
DA:11,0
DA:14,1
DA:16,1
DA:25,0
DA:28,0
LF:5
LH:2
end_of_record
SF:lib/features/question/presentation/view/add_question_view.dart
DA:12,6
DA:14,0
DA:15,0
DA:23,0
DA:24,0
DA:25,0
DA:26,0
DA:27,0
DA:29,0
DA:32,0
DA:33,0
DA:34,0
DA:39,0
DA:41,0
DA:43,0
DA:44,0
DA:48,0
DA:52,0
DA:53,0
DA:54,0
DA:57,0
DA:58,0
DA:59,0
DA:62,0
DA:65,0
DA:68,0
DA:70,0
DA:72,0
DA:73,0
DA:75,0
DA:77,0
DA:90,0
DA:91,0
DA:96,0
DA:97,0
DA:104,0
DA:105,0
DA:112,0
DA:114,0
DA:115,0
DA:116,0
DA:117,0
DA:118,0
DA:119,0
DA:120,0
DA:122,0
DA:123,0
DA:124,0
DA:127,0
DA:129,0
DA:130,0
DA:140,0
DA:141,0
DA:142,0
DA:143,0
DA:144,0
DA:145,0
DA:147,0
DA:148,0
DA:149,0
DA:150,0
DA:151,0
DA:152,0
DA:153,0
DA:156,0
DA:157,0
DA:158,0
DA:161,0
DA:163,0
DA:164,0
DA:172,0
DA:174,0
DA:175,0
LF:73
LH:1
end_of_record
SF:lib/features/home/presentation/view/dummy_dashboard_view.dart
DA:4,6
DA:6,0
DA:54,6
DA:62,0
DA:64,0
DA:66,0
DA:68,0
DA:70,0
DA:71,0
DA:72,0
DA:76,0
DA:77,0
DA:79,0
DA:82,0
DA:86,0
DA:88,0
LF:16
LH:2
end_of_record
SF:lib/features/question/presentation/view/public_question_view.dart
DA:7,6
DA:9,1
DA:11,1
DA:15,1
DA:17,1
DA:18,2
DA:19,1
LF:7
LH:7
end_of_record
SF:lib/features/home/presentation/view_model/home_view_model.dart
DA:4,2
DA:5,3
DA:8,3
DA:10,0
DA:11,0
LF:5
LH:3
end_of_record
SF:lib/features/question/data/data_source/question_remote_data_source.dart
DA:14,2
DA:15,1
DA:16,2
DA:17,2
DA:18,2
DA:26,1
DA:29,0
DA:30,0
DA:34,0
DA:38,0
DA:40,0
DA:41,0
DA:42,0
DA:45,0
DA:47,0
DA:48,0
DA:49,0
DA:50,0
DA:52,0
DA:53,0
DA:54,0
DA:59,0
DA:64,0
DA:67,0
DA:68,0
DA:69,0
DA:70,0
DA:74,0
DA:75,0
DA:76,0
DA:77,0
DA:84,0
DA:86,0
DA:88,0
DA:89,0
DA:90,0
DA:93,0
DA:94,0
DA:96,0
DA:98,0
DA:99,0
DA:100,0
DA:102,0
DA:104,0
DA:105,0
DA:106,0
DA:107,0
DA:111,0
DA:112,0
DA:117,1
DA:120,2
DA:121,3
DA:123,2
DA:126,1
DA:127,3
DA:128,1
DA:130,1
DA:132,0
DA:133,0
DA:134,0
DA:135,0
DA:139,0
DA:140,0
DA:145,0
DA:147,0
DA:149,0
DA:150,0
DA:151,0
DA:154,0
DA:155,0
DA:157,0
DA:160,0
DA:161,0
DA:162,0
DA:163,0
DA:167,0
DA:168,0
LF:77
LH:14
end_of_record
SF:lib/features/question/data/dto/get_all_questions_dto.dart
DA:13,1
DA:18,1
DA:19,1
DA:21,0
LF:4
LH:3
end_of_record
SF:lib/features/question/data/dto/get_all_questions_dto.g.dart
DA:9,1
DA:10,1
DA:11,1
DA:12,1
DA:13,3
DA:14,1
DA:17,0
DA:18,0
DA:19,0
DA:20,0
LF:10
LH:6
end_of_record
SF:lib/features/question/data/model/question_api_model.dart
DA:17,1
DA:27,1
DA:28,1
DA:29,1
DA:30,1
DA:31,1
DA:32,1
DA:33,1
DA:34,2
DA:35,1
DA:36,3
DA:37,1
DA:41,0
DA:42,0
DA:43,0
DA:44,0
DA:45,0
DA:46,0
DA:47,0
DA:48,0
DA:49,0
DA:53,0
DA:54,0
DA:55,0
DA:56,0
DA:57,0
DA:58,0
DA:59,0
DA:61,0
DA:62,0
DA:63,0
DA:67,1
DA:68,1
DA:69,1
DA:70,1
DA:71,1
DA:72,1
DA:73,1
DA:74,1
DA:75,2
DA:77,5
LF:41
LH:22
end_of_record
SF:lib/features/question/domain/entity/question_entity.dart
DA:14,0
DA:15,0
DA:16,0
DA:17,0
DA:18,0
DA:19,0
DA:20,0
DA:21,0
DA:22,0
DA:25,2
DA:35,1
DA:36,2
DA:37,1
DA:38,1
DA:39,1
DA:40,1
DA:41,1
DA:42,1
DA:43,2
DA:44,1
DA:45,3
DA:46,1
DA:50,0
DA:51,0
DA:52,0
DA:53,0
DA:54,0
DA:55,0
DA:56,0
DA:57,0
DA:60,0
DA:63,0
DA:64,0
DA:65,0
DA:66,0
DA:67,0
DA:68,0
LF:37
LH:13
end_of_record
SF:lib/features/replies/data/model/reply_api_model.dart
DA:15,1
DA:21,0
DA:22,0
DA:23,0
DA:24,0
DA:25,0
DA:29,1
DA:30,1
DA:31,1
DA:32,1
DA:33,1
DA:34,0
DA:39,0
DA:40,0
DA:41,0
DA:42,0
DA:43,0
DA:48,1
DA:49,1
DA:50,1
DA:51,1
DA:52,1
DA:53,0
DA:58,0
DA:59,0
LF:25
LH:11
end_of_record
SF:lib/features/question/data/repository/question_remote_repo_impl.dart
DA:10,2
DA:11,1
DA:12,2
DA:13,2
DA:20,1
DA:22,0
DA:26,0
DA:29,0
DA:32,0
DA:35,1
DA:38,2
DA:41,0
DA:44,0
LF:13
LH:7
end_of_record
SF:lib/features/question/domain/repository/question_repository.dart
DA:9,3
DA:10,1
DA:12,2
LF:3
LH:3
end_of_record
SF:lib/features/replies/domain/entity/replies_entity.dart
DA:9,0
DA:11,0
DA:13,2
DA:15,2
DA:16,1
DA:17,1
DA:18,2
DA:20,0
DA:21,0
DA:22,0
DA:23,0
LF:11
LH:5
end_of_record
SF:lib/features/question/domain/use_case/delete_question_use_case.dart
DA:6,0
DA:7,0
DA:8,0
DA:9,0
DA:15,0
DA:17,0
DA:18,0
LF:7
LH:0
end_of_record
SF:lib/features/question/domain/use_case/get_all_public_question_usecase.dart
DA:7,2
DA:8,2
DA:9,1
DA:10,2
DA:16,1
DA:18,1
DA:20,2
LF:7
LH:7
end_of_record
SF:lib/features/question/domain/use_case/get_all_questions_usecase.dart
DA:7,0
DA:8,0
DA:9,0
DA:16,0
DA:18,0
DA:19,0
LF:6
LH:0
end_of_record
SF:lib/features/question/domain/use_case/question_use_case.dart
DA:9,0
DA:10,0
DA:11,0
DA:18,0
DA:20,0
DA:21,0
LF:6
LH:0
end_of_record
SF:lib/features/replies/data/data_source/replies_remote_data_source.dart
DA:13,0
DA:14,0
DA:15,0
DA:16,0
DA:17,0
DA:25,0
DA:32,0
DA:33,0
DA:36,0
DA:41,0
DA:43,0
DA:44,0
DA:45,0
DA:48,0
DA:50,0
DA:52,0
DA:54,0
DA:57,0
DA:58,0
DA:59,0
DA:60,0
DA:62,0
DA:64,0
DA:65,0
DA:67,0
DA:71,0
DA:72,0
DA:73,0
DA:74,0
DA:78,0
DA:79,0
DA:80,0
DA:81,0
DA:88,0
DA:91,0
DA:93,0
DA:94,0
DA:95,0
DA:98,0
DA:100,0
DA:104,0
DA:106,0
DA:109,0
DA:110,0
DA:111,0
DA:115,0
DA:117,0
DA:118,0
DA:119,0
DA:120,0
DA:124,0
DA:125,0
LF:52
LH:0
end_of_record
SF:lib/features/replies/data/dto/get_question_specific_replies_dto.dart
DA:10,0
DA:15,0
DA:16,0
DA:18,0
LF:4
LH:0
end_of_record
SF:lib/features/replies/data/dto/get_question_specific_replies_dto.g.dart
DA:9,0
DA:11,0
DA:12,0
DA:13,0
DA:14,0
DA:15,0
DA:18,0
DA:20,0
DA:21,0
DA:22,0
LF:10
LH:0
end_of_record
SF:lib/features/replies/data/repository/reply_remote_repo_impl.dart
DA:8,0
DA:9,0
DA:10,0
DA:16,0
DA:18,0
DA:22,0
DA:25,0
DA:29,0
LF:8
LH:0
end_of_record
SF:lib/features/replies/domain/repository/reply_repo.dart
DA:7,0
DA:8,0
LF:2
LH:0
end_of_record
SF:lib/features/replies/domain/use_case/get_question_specific_replies.dart
DA:7,0
DA:8,0
DA:9,0
DA:15,0
DA:18,0
DA:20,0
LF:6
LH:0
end_of_record
SF:lib/features/replies/domain/use_case/set_reply_use_case.dart
DA:9,0
DA:10,0
DA:11,0
DA:12,0
DA:19,0
DA:21,0
DA:23,0
DA:26,0
DA:27,0
DA:28,0
DA:29,0
DA:30,0
DA:33,0
DA:35,0
LF:14
LH:0
end_of_record
SF:lib/features/replies/presentation/state/reply_state.dart
DA:11,0
DA:18,0
DA:19,0
DA:21,0
DA:27,0
DA:28,0
DA:29,0
DA:30,0
DA:31,0
DA:35,0
DA:37,0
LF:11
LH:0
end_of_record
SF:lib/features/splash/presentation/view_model/splash_view_model.dart
DA:7,0
DA:8,0
DA:9,0
DA:10,0
DA:17,0
DA:19,0
DA:20,0
DA:22,0
DA:24,0
DA:28,0
DA:30,0
DA:33,0
DA:38,0
DA:40,0
DA:43,0
DA:44,0
DA:45,0
DA:48,0
LF:18
LH:0
end_of_record
